<?xml version="1.0" encoding="UTF-8"?>
<!-- Generated by org.testng.reporters.JUnitXMLReporter -->
<testsuite ignored="0" hostname="PhamNam" failures="8" tests="16" name="Railway Test" time="409.118" errors="0" timestamp="2026-02-23T05:16:57 GMT+07:00">
  <testcase classname="Railway.LoginTest" name="TC01" time="4.988">
    <failure type="java.lang.AssertionError" message="Welcome message is not displayed as expected expected [Welcome phamnam@sharklasers.com] but found []">
      <![CDATA[java.lang.AssertionError: Welcome message is not displayed as expected expected [Welcome phamnam@sharklasers.com] but found []
at Railway.LoginTest.TC01(LoginTest.java:29)
at java.base/java.util.ArrayList.forEach(ArrayList.java:1604)
... Removed 30 stack frames]]>
    </failure>
  </testcase> <!-- TC01 -->
  <testcase classname="Railway.LoginTest" name="TC02" time="4.077"/>
  <testcase classname="Railway.LoginTest" name="TC03" time="4.299">
    <failure type="java.lang.AssertionError" message="Error message is not displayed as expected expected [There was a problem with your login and/or errors exist in your form.] but found [Invalid username or password. Please try again.]">
      <![CDATA[java.lang.AssertionError: Error message is not displayed as expected expected [There was a problem with your login and/or errors exist in your form.] but found [Invalid username or password. Please try again.]
at Railway.LoginTest.TC03(LoginTest.java:75)
at java.base/java.util.ArrayList.forEach(ArrayList.java:1604)
... Removed 30 stack frames]]>
    </failure>
  </testcase> <!-- TC03 -->
  <testcase classname="Railway.LoginTest" name="TC04" time="4.123">
    <failure type="java.lang.AssertionError" message="Error message is not displayed as expected expected [Invalid username or password. Please try again] but found [There was a problem with your login and/or errors exist in your form.]">
      <![CDATA[java.lang.AssertionError: Error message is not displayed as expected expected [Invalid username or password. Please try again] but found [There was a problem with your login and/or errors exist in your form.]
at Railway.LoginTest.TC04(LoginTest.java:98)
at java.base/java.util.ArrayList.forEach(ArrayList.java:1604)
... Removed 30 stack frames]]>
    </failure>
  </testcase> <!-- TC04 -->
  <testcase classname="Railway.LoginTest" name="TC05" time="18.612"/>
  <testcase classname="Railway.LogoutTest" name="TC06" time="6.465"/>
  <testcase classname="Railway.CreateAccount" name="TC07" time="34.128"/>
  <testcase classname="Railway.CreateAccount" name="TC08" time="4.207"/>
  <testcase classname="Railway.CreateAccount" name="TC09" time="30.31"/>
  <testcase classname="Railway.ResetPassword" name="TC10" time="49.439">
    <failure type="java.lang.AssertionError" message="The message is not displayed as expected expected [The new password cannot be the same with the current password] but found [Password changed! Click here to login.]">
      <![CDATA[java.lang.AssertionError: The message is not displayed as expected expected [The new password cannot be the same with the current password] but found [Password changed! Click here to login.]
at Railway.ResetPassword.TC10(ResetPassword.java:49)
at java.base/java.util.ArrayList.forEach(ArrayList.java:1604)
... Removed 30 stack frames]]>
    </failure>
  </testcase> <!-- TC10 -->
  <testcase classname="Railway.ResetPassword" name="TC11" time="37.716">
    <failure type="org.openqa.selenium.NoSuchElementException" message="no such element: Unable to locate element: {&amp;quot;method&amp;quot;:&amp;quot;xpath&amp;quot;,&amp;quot;selector&amp;quot;:&amp;quot;//span[@class=&amp;apos;editable button&amp;apos; and @id=&amp;apos;inbox-id&amp;apos;]&amp;quot;}
  (Session info: chrome=145.0.7632.109)
For documentation on this error, please visit: https://www.selenium.dev/documentation/webdriver/troubleshooting/errors#no-such-element-exception
Build info: version: &amp;apos;4.27.0&amp;apos;, revision: &amp;apos;d6e718d134&amp;apos;
System info: os.name: &amp;apos;Windows 11&amp;apos;, os.arch: &amp;apos;amd64&amp;apos;, os.version: &amp;apos;10.0&amp;apos;, java.version: &amp;apos;25.0.2&amp;apos;
Driver info: org.openqa.selenium.chrome.ChromeDriver
Command: [f0b8eac1b17e007e23ba4553937eb494, findElement {value=//span[@class=&amp;apos;editable button&amp;apos; and @id=&amp;apos;inbox-id&amp;apos;], using=xpath}]
Capabilities {acceptInsecureCerts: false, browserName: chrome, browserVersion: 145.0.7632.109, chrome: {chromedriverVersion: 145.0.7632.77 (da516187054a..., userDataDir: C:\Users\1202p\AppData\Loca...}, fedcm:accounts: true, goog:chromeOptions: {debuggerAddress: localhost:49818}, goog:processID: 30916, networkConnectionEnabled: false, pageLoadStrategy: normal, platformName: windows, proxy: Proxy(), se:cdp: ws://localhost:49818/devtoo..., se:cdpVersion: 145.0.7632.109, setWindowRect: true, strictFileInteractability: false, timeouts: {implicit: 0, pageLoad: 300000, script: 30000}, unhandledPromptBehavior: dismiss and notify, webauthn:extension:credBlob: true, webauthn:extension:largeBlob: true, webauthn:extension:minPinLength: true, webauthn:extension:prf: true, webauthn:virtualAuthenticators: true}
Session ID: f0b8eac1b17e007e23ba4553937eb494">
      <![CDATA[org.openqa.selenium.NoSuchElementException: no such element: Unable to locate element: {"method":"xpath","selector":"//span[@class='editable button' and @id='inbox-id']"}
  (Session info: chrome=145.0.7632.109)
For documentation on this error, please visit: https://www.selenium.dev/documentation/webdriver/troubleshooting/errors#no-such-element-exception
Build info: version: '4.27.0', revision: 'd6e718d134'
System info: os.name: 'Windows 11', os.arch: 'amd64', os.version: '10.0', java.version: '25.0.2'
Driver info: org.openqa.selenium.chrome.ChromeDriver
Command: [f0b8eac1b17e007e23ba4553937eb494, findElement {value=//span[@class='editable button' and @id='inbox-id'], using=xpath}]
Capabilities {acceptInsecureCerts: false, browserName: chrome, browserVersion: 145.0.7632.109, chrome: {chromedriverVersion: 145.0.7632.77 (da516187054a..., userDataDir: C:\Users\1202p\AppData\Loca...}, fedcm:accounts: true, goog:chromeOptions: {debuggerAddress: localhost:49818}, goog:processID: 30916, networkConnectionEnabled: false, pageLoadStrategy: normal, platformName: windows, proxy: Proxy(), se:cdp: ws://localhost:49818/devtoo..., se:cdpVersion: 145.0.7632.109, setWindowRect: true, strictFileInteractability: false, timeouts: {implicit: 0, pageLoad: 300000, script: 30000}, unhandledPromptBehavior: dismiss and notify, webauthn:extension:credBlob: true, webauthn:extension:largeBlob: true, webauthn:extension:minPinLength: true, webauthn:extension:prf: true, webauthn:virtualAuthenticators: true}
Session ID: f0b8eac1b17e007e23ba4553937eb494
at org.openqa.selenium.remote.ErrorCodec.decode(ErrorCodec.java:167)
at org.openqa.selenium.remote.codec.w3c.W3CHttpResponseCodec.decode(W3CHttpResponseCodec.java:138)
at org.openqa.selenium.remote.codec.w3c.W3CHttpResponseCodec.decode(W3CHttpResponseCodec.java:50)
at org.openqa.selenium.remote.HttpCommandExecutor.execute(HttpCommandExecutor.java:190)
at org.openqa.selenium.remote.service.DriverCommandExecutor.invokeExecute(DriverCommandExecutor.java:216)
at org.openqa.selenium.remote.service.DriverCommandExecutor.execute(DriverCommandExecutor.java:174)
at org.openqa.selenium.remote.RemoteWebDriver.execute(RemoteWebDriver.java:545)
at org.openqa.selenium.remote.ElementLocation$ElementFinder$2.findElement(ElementLocation.java:165)
at org.openqa.selenium.remote.ElementLocation.findElement(ElementLocation.java:59)
at org.openqa.selenium.remote.RemoteWebDriver.findElement(RemoteWebDriver.java:368)
at org.openqa.selenium.remote.RemoteWebDriver.findElement(RemoteWebDriver.java:362)
at Guerrilla.GuerrillaHomePage.getEditNameBtn(GuerrillaHomePage.java:24)
at Guerrilla.GuerrillaHomePage.confirmForgotPasswordEmail(GuerrillaHomePage.java:91)
at Railway.ResetPassword.TC11(ResetPassword.java:79)
at java.base/java.util.ArrayList.forEach(ArrayList.java:1604)
... Removed 28 stack frames]]>
    </failure>
  </testcase> <!-- TC11 -->
  <testcase classname="Railway.BookTicket" name="TC12" time="35.871"/>
  <testcase classname="Railway.BookTicket" name="TC13" time="37.389"/>
  <testcase classname="Railway.BookTicket" name="TC14" time="33.821">
    <failure type="java.lang.ClassCastException" message="class Railway.LoginPage cannot be cast to class Railway.HomePage (Railway.LoginPage and Railway.HomePage are in unnamed module of loader &amp;apos;app&amp;apos;)">
      <![CDATA[java.lang.ClassCastException: class Railway.LoginPage cannot be cast to class Railway.HomePage (Railway.LoginPage and Railway.HomePage are in unnamed module of loader 'app')
at Railway.BookTicket.TC14(BookTicket.java:159)
at java.base/java.util.ArrayList.forEach(ArrayList.java:1604)
... Removed 25 stack frames]]>
    </failure>
  </testcase> <!-- TC14 -->
  <testcase classname="Railway.BookTicket" name="TC15" time="37.909">
    <failure type="java.lang.IllegalStateException" message="Cannot select a date because select does not have a suitable date option: 2/24/2026">
      <![CDATA[java.lang.IllegalStateException: Cannot select a date because select does not have a suitable date option: 2/24/2026
at Railway.BookTicketPage.bookTicket(BookTicketPage.java:57)
at Railway.BookTicket.TC15(BookTicket.java:218)
at java.base/java.util.ArrayList.forEach(ArrayList.java:1604)
... Removed 25 stack frames]]>
    </failure>
  </testcase> <!-- TC15 -->
  <testcase classname="Railway.CancelBooking" name="TC16" time="37.129">
    <failure type="java.lang.AssertionError" message="The canceled ticket is not disappeared expected [false] but found [true]">
      <![CDATA[java.lang.AssertionError: The canceled ticket is not disappeared expected [false] but found [true]
at Railway.CancelBooking.TC16(CancelBooking.java:51)
at java.base/java.util.ArrayList.forEach(ArrayList.java:1604)
... Removed 28 stack frames]]>
    </failure>
  </testcase> <!-- TC16 -->
</testsuite> <!-- Railway Test -->
